


Ultimate
Timestamp: 2023-04-27 | 23:06:50.061676900
-----------------------

1.(d2)d4 (d7)d5
2.(e2)e3 (e7)e6
3.(g1)Nf3 (b8)Nc6
4.(f1)Bb5 (c8)Bd7
5.(b1)Nc3 (f8)Bd6
6.(e3)e4 (a7)a6
7.(b5)Bd3 (d5)xe4
8.(c3)Nxe4 (g8)Nf6
9.(e4)Nxd6 (c7)xd6
10.(c2)c3 (d8)Qb6
11.(d1)Qc2 (a8)Rc8
12.O-O O-O
13.(c1)Bg5 (e6)e5
14.(g5)Bxf6 (g7)xf6
15.(d3)Bxh7 (g8)Kg7
16.(a1)Rd1 (e5)xd4
17.(h7)Be4 (c6)Nb4
18.(c2)Qb3 (d4)xc3
19.(b2)xc3 (f8)Re8
20.(d1)Rd4 (b4)Nd5
21.(e4)Bxd5 (b6)Qxb3
22.(d5)Bxb3 (c8)Rxc3
23.(d4)Rxd6 (d7)Bc6
24.(f3)Nd4 (a6)a5
25.(d4)Nxc6 (b7)xc6
26.(d6)Rd7 (e8)Rf8
27.(f1)Re1 (c3)Rc5
28.(d7)Rc7 (c5)Rc3
29.(c7)Ra7 (c3)Rc5
30.(a7)Rc7 (c5)Rc3
31.(c7)Ra7 (c6)c5
32.(b3)Bd5 (c3)Rd3
33.(d5)Bc4 (d3)Rc3
34.(c4)Bd5 (c3)Rd3
35.(d5)Bc4 (d3)Rc3
36.(c4)Bd5
~End of Log~


Ultimate
Timestamp: 2023-04-27 | 23:07:27.836862600
-----------------------

1.(d2)d4 (d7)d5
2.(e2)e3
~End of Log~


Ultimate
Timestamp: 2023-04-27 | 23:24:05.660152300
-----------------------

1.(d2)d4 (d7)d5
2.(e2)e3 (e7)e6
3.(g1)Nf3 (b8)Nc6
4.(f1)Bb5 (c8)Bd7
5.(b1)Nc3 (f8)Bd6
6.(e3)e4 (a7)a6
7.(b5)Bd3 (d5)xe4
8.(c3)Nxe4 (g8)Nf6
9.(c1)Bg5 (d6)Be7
10.(g5)Bf4 (f6)Nd5
11.(d1)Qd2 O-O
12.O-O (c6)Nb4
13.(f4)Be5 (f7)f6
14.(e5)Bg3 (f6)f5
15.(e4)Nc5 (b4)Nxd3
16.(c5)Nxd3 (e7)Bd6
17.(g3)Bxd6 (c7)xd6
18.(c2)c4 (d5)Nf6
19.(d2)Qf4 (f6)Ne4
20.(a1)Rd1 (a8)Rc8
21.(b2)b3 (g7)g5
22.(f4)Qe3 (g5)g4
23.(f3)Nd2 (e4)Nxd2
24.(e3)Qxd2 (g8)Kg7
25.(d3)Nf4 (f8)Re8
26.(f1)Re1 (g7)Kg8
27.(d2)Qb4 (d8)Qc7
28.(b4)Qc3 (c7)Qb6
29.(h2)h3 (d6)d5
30.(h3)xg4 (f5)xg4
31.(c3)Qg3 (d5)xc4
32.(g3)Qxg4 (g8)Kh8
33.(d4)d5 (e8)Rg8
34.(g4)Qh5 (e6)xd5
35.(h5)Qe5 (g8)Rg7
36.(f4)Nh5 (b6)Qg6
37.(h5)Nxg7 (g6)Qxg7
38.(e5)Qxg7 (h8)Kxg7
39.(e1)Re7 (g7)Kg6
40.(e7)Rxd7 (c4)xb3
41.(a2)xb3 (b7)b5
42.(d1)Rxd5 (c8)Rc1
43.(g1)Kh2 (c1)Rc2
44.(d7)Rd6 (g6)Kf7
45.(d5)Rf5 (f7)Ke8
46.(d6)Rxa6 (b5)b4
47.(a6)Rb6 (e8)Ke7
48.(b6)Rxb4 (e7)Ke6
49.(g2)g4 (c2)Rd2
50.(b4)Rb6 (d2)Rd6
51.(b6)Rxd6 (e6)Kxd6
52.(h2)Kg3 (d6)Kd7
53.(g3)Kf4 (d7)Ke6
54.(f5)Rh5 (e6)Kd6
55.(g4)g5 (d6)Kd7
56.(h5)Rxh7 (d7)Ke8
57.(f4)Kf5 (e8)Kd8
58.(h7)Rf7 (d8)Ke8
59.(g5)g6 (e8)Kd8
60.(g6)g7 (d8)Ke8
61.(g7)g8=Q (b1)Nc3

~End of Log~


Ultimate
Timestamp: 2023-04-27 | 23:40:05.046982
-----------------------

1.(b1)Nc3 (g8)Nf6
2.(e2)e4 (d7)d5
3.(e4)e5 (d5)d4
4.(f1)Bb5 (c7)c6
5.(e5)xf6 (d4)xc3
6.(b5)Bd3 (d8)Qd5
7.(g1)Nf3 (c3)xb2
8.(c1)Bxb2 (e7)xf6
9.(d1)Qe2 (c8)Be6
10.(c2)c4 (d5)Qh5
11.(a1)Rd1 (f8)Bd6
12.(f3)Nd4 (h5)Qxe2
13.(e1)Kxe2 (e6)Bg4
14.(f2)f3 (g4)Be6
15.(d1)Rc1 (b8)Nd7
16.(d4)Nf5 (e6)Bxf5
17.(d3)Bxf5 O-O-O
18.(b2)Bd4 (h8)Re8
19.(e2)Kf2 (c6)c5
20.(d4)Bc3 (c8)Kc7
21.(h1)Re1 (d7)Nb6
22.(e1)Rxe8 (d8)Rxe8
23.(f5)Bxh7 (d6)Bxh2
24.(h7)Bf5 (b6)Nxc4
25.(c3)Bxf6 (g7)xf6
26.(c1)Rxc4 (h2)Bd6
27.(c4)Ra4 (e8)Re5
28.(f5)Be4 (f6)f5
29.(e4)Bc2 (e5)Rd5
30.(f2)Ke2 (a7)a6
31.(c2)Bb3 (d5)Re5
32.(e2)Kf2 (f7)f6
33.(a4)Rh4 (b7)b5
34.(f3)f4 (e5)Re4
35.(h4)Rh7 (c7)Kc6
36.(g2)g3 (e4)Rd4
37.(f2)Ke3 (d4)Re4
38.(e3)Kf2 (e4)Rd4
39.(f2)Ke3 (d4)Re4
40.(e3)Kf2
~End of Log~


Ultimate
Timestamp: 2023-04-28 | 12:03:01.692738300
-----------------------

1.(g1)Nf3 (g8)Nf6
2.(d2)d4 (f6)Ne4
3.(b1)Nd2 (d7)d5
4.(d2)Nxe4 (d5)xe4
5.(f3)Ne5 (f7)f6
6.(e5)Nc4 (b7)b5
7.(c4)Ne3 (e7)e5
8.(d4)xe5 (d8)Qxd1
9.(e1)Kxd1 (f6)xe5
10.(a2)a4 (c8)Bd7
11.(a4)xb5 (d7)Bxb5
12.(c2)c4 (b5)Bc6
13.(a1)Ra5 (b8)Nd7
14.(e3)Nf5 (g7)g6
15.(f5)Nh6 (f8)Bc5
16.(a5)Ra6 (d7)Nb8
17.(a6)Ra5 (b8)Nd7
18.(a5)Ra6 (d7)Nb6
19.(c1)Be3 (c5)Bxe3
20.(f2)xe3 O-O-O
21.(d1)Ke1 (c8)Kb7
22.(a6)Ra1 (h8)Rf8
23.(b2)b3 (f8)Rf6
24.(a1)Ra5 (c6)Bd7
25.(h2)h4 (d8)Re8
26.(g2)g4 (d7)Bc6
27.(f1)Bg2 (f6)Rf8
28.(g4)g5 (b6)Nd7
29.(h4)h5 (b7)Kb6
30.(b3)b4 (e8)Re6
31.(h6)Ng4 (f8)Rf5
32.(c4)c5 (d7)Nxc5
33.(a5)Rxc5 (f5)Rxg5
34.(h5)xg6 (h7)h5
35.(c5)Rxc6 (e6)Rxc6
36.(g2)Bxe4 (c6)Rc1
37.(e1)Kd2 (c1)Rxh1
38.(g4)Nxe5 (h1)Ra1
39.(e5)Nf3 (g5)Rg4
40.(e4)Bf5 (g4)Rxb4
41.(g6)g7 (a1)Ra2
42.(d2)Kc3 (b4)Rg4
43.(f5)Bxg4 (a2)Ra3
44.(c3)Kb2 (a3)Rxe3
45.(g7)g8=Q (e3)Rxe2
46.(b2)Kb3 (e2)Re3
47.(b3)Kc4 (h5)xg4
48.(g8)Qb8 (b6)Kc6
49.(b8)Qb5 (c6)Kd6
50.(b5)Qc5 (d6)Kd7
51.(c5)Qxe3 (g4)xf3
52.(e3)Qxa7 (d7)Kd8
53.(a7)Qa8 (d8)Kd7
54.(a8)Qxf3 (d7)Kd8
55.(c4)Kc5 (d8)Ke7
56.(f3)Qf5 (e7)Ke8
57.(c5)Kc6 (e8)Ke7
58.(c6)Kxc7 (e7)Ke8
59.(c7)Kd6 (e8)Kd8
60.(f5)Qf8 (b1)Nc3
61.(g8)Nf6 (g1)Nf3
62.(d7)d5 (d2)d4
63.(c8)Bf5 (c1)Bf4

~End of Log~


Ultimate
Timestamp: 2023-04-28 | 14:29:40.005977400
-----------------------

1.(b1)Nc3 (c7)c6
2.(d2)d4 (d8)Qa5
3.(e2)e4 (e7)e6
4.(c1)Bd2 (a5)Qb6
5.(g1)Nf3 (b6)Qxb2
6.(f3)Ne5 (b2)Qb6
7.(d1)Qh5 (g7)g6
8.(h5)Qf3 (f7)f6
9.(e5)Nc4 (b6)Qxd4
10.O-O-O (b7)b5
11.(d2)Bg5 (d4)Qc5
12.(g5)Bxf6 (g8)Nxf6
13.(f3)Qxf6 (h8)Rg8
14.(c4)Ne5 (g8)Rg7
15.(d1)Rd3
~End of Log~


Ultimate
Timestamp: 2023-04-28 | 14:46:47.442441900
-----------------------

1.(b1)Nc3 (e7)e5
2.(g1)Nf3 (b8)Nc6
3.(d2)d4 (f8)Bd6
4.(e2)e4 (e5)xd4
5.(f3)Nxd4 (c6)Nxd4
6.(d1)Qxd4 (g8)Nf6
7.(f1)Bc4 O-O
8.(c1)Bg5 (d6)Be7
9.(e4)e5 (f6)Nh5
10.(g5)Be3 (b7)b6
11.(d4)Qe4 (a8)Rb8
12.(e4)Qf3 (g7)g6
13.O-O (c8)Bb7
14.(c4)Bd5 (b7)Ba6
15.(f1)Rd1 (d7)d6
16.(e5)e6 (f7)xe6
17.(d5)Bxe6 (g8)Kg7
18.(f3)Qg4 (d8)Qe8
19.(e3)Bd4 (h5)Nf6
20.(c3)Nd5 (c7)c6
21.(d5)Nc7 (e8)Qd8
22.(c7)Nxa6 (g7)Kh8
23.(a6)Nxb8 (d8)Qxb8
24.(g4)Qf4 (b8)Qd8
25.(f4)Qh6 (c6)c5
26.(d4)Bc3 (b6)b5
27.(a2)a4 (b5)b4
28.(c3)Be5 (d8)Qe8
29.(e5)Bxd6 (e7)Bxd6
30.(d1)Rxd6 (f6)Ne4
31.(d6)Rd7 (e8)Qxd7
32.(h6)Qxf8 (b1)Nc3

~End of Log~


Ultimate
Timestamp: 2023-05-02 | 09:32:25.588624600
-----------------------

1.(b1)Nc3 (d7)d5
2.(e2)e4 (g8)Nf6
3.(e4)e5 (d5)d4
4.(e5)xf6 (d4)xc3
5.(f6)xg7 (f8)Bxg7
6.(b2)xc3 (d8)Qd5
7.(d2)d4 (b8)Nc6
8.(d1)Qf3 (c8)Be6
9.(f1)Bd3 (d5)Qa5
10.(c1)Bd2 (g7)Bh6
11.(g1)Ne2 (h6)Bxd2
12.(e1)Kxd2 O-O-O
13.(d3)Be4 (a5)Qb5
14.(f3)Qf4 (c8)Kb8
15.(h1)Rb1 (b5)Qc5
16.(d2)Ke1 (c5)Qc4
17.(f4)Qh6 (e6)Bg4
18.(e4)Bd3 (c4)Qe6
19.(h6)Qxe6 (g4)Bxe6
20.(e2)Nf4 (e6)Bd5
21.(f4)Nxd5 (d8)Rxd5
22.(e1)Ke2 (b8)Kc8
23.(d3)Be4 (d5)Rh5
24.(d4)d5 (c6)Ne5
25.(d5)d6 (e7)xd6
26.(e4)Bxb7 (c8)Kd7
27.(h2)h3 (h8)Re8
28.(b7)Be4 (d6)d5
29.(e4)Bd3 (h5)Rg5
30.(e2)Kf1 (e5)Nxd3
31.(c2)xd3 (d7)Kc6
32.(b1)Re1 (g5)Rg8
33.(g2)g4 (e8)Rxe1
34.(a1)Rxe1 (c6)Kd6
35.(e1)Rb1 (d6)Kc6
36.(a2)a4 (g8)Rd8
37.(a4)a5 (d5)d4
38.(c3)xd4 (d8)Rxd4
39.(f1)Kg2 (d4)Rxd3
40.(b1)Rc1 (c6)Kd7
41.(c1)Rc5 (d3)Ra3
42.(c5)Rh5 (d7)Ke7
43.(h5)Re5 (e7)Kd6
44.(e5)Rf5 (d6)Ke6
45.(h3)h4 (a3)Ra4
46.(g2)Kf3 (a4)Ra3
47.(f3)Kf4 (a3)Ra4
48.(f4)Kg5 (e6)Ke7
49.(h4)h5 (f7)f6
50.(f5)Rxf6 (a4)Rxa5
51.(f6)Rf5 (h7)h6
52.(g5)Kg6 (a5)Ra6
53.(g6)Kg7 (a6)Rb6
54.(f5)Ra5 (a7)a6
55.(a5)Rc5 (e7)Kd7
56.(c5)Rd5 (d7)Kc6
57.(d5)Rd8 (c6)Kb7
58.(f2)f4 (a6)a5
59.(f4)f5 (a5)a4
60.(d8)Rd4 (a4)a3
61.(d4)Ra4 (b6)Ra6
62.(a4)Rb4 (b7)Kc8
63.(b4)Re4 (a3)a2
64.(e4)Re1 (a2)a1=Q
65.(e1)Rxa1 (a6)Rxa1
66.(g7)Kxh6 (c8)Kd7
67.(h6)Kg5 (d7)Ke7
68.(h5)h6 (e7)Kf7
69.(g5)Kf4 (f7)Ke7
70.(g4)g5 (a1)Rf1
71.(f4)Kg4 (f1)Rg1
72.(g4)Kh5 (e7)Kf7
73.(h6)h7 (g1)Rh1
74.(h5)Kg4 (f7)Kg7
75.(g5)g6 (g7)Kf6
76.(g4)Kg3 (c7)c5
77.(g3)Kg4 (c5)c4
78.(g4)Kf3 (c4)c3
79.(f3)Kg2 (h1)Rh5
80.(g2)Kf3 (c3)c2
81.(g6)g7 (f6)Kxg7
82.(f3)Kg4 (h5)Rxh7
83.(g4)Kf3 (c2)c1=Q
84.(f3)Ke4 (g7)Kf6
85.(e4)Kd4 (f6)Kxf5
86.(d4)Kd3 (h7)Re7
87.(d3)Kd4 (e7)Rd7
88.(b1)Nc3
~End of Log~


Ultimate
Timestamp: 2023-05-02 | 09:38:57.509506200
-----------------------

1.(b1)Nc3 (e7)e6
2.(e2)e4 (d7)d5
3.(d1)Qh5 (d5)xe4
4.(c3)Nxe4 (g8)Nf6
5.(f1)Bb5 (c7)c6
6.(e4)Nxf6 (d8)Qxf6
7.(b5)Bd3 (g7)g6
8.(h5)Qg4 (e6)e5
9.(g4)Qxc8 (f6)Qd8
10.(c8)Qxb7 (b8)Nd7
11.(b7)Qxc6 (a8)Rc8
12.(c6)Qa4 (f8)Bd6
13.(g1)Nf3 O-O
14.(a4)Qxa7 (c8)Rc7
15.(a7)Qa4 (d7)Nf6
16.(f3)Ng5 (f6)Ng4
17.(a4)Qxg4
~End of Log~


Ultimate
Timestamp: 2023-05-02 | 15:39:59.554179300
-----------------------

1.(e2)e3
~End of Log~


Ultimate
Timestamp: 2023-05-04 | 15:32:56.300111400
-----------------------

1.(b1)Nc3 (d7)d5
2.(e2)e4 (d5)xe4
3.(c3)Nxe4 (g8)Nf6
4.(f1)Bb5 (c7)c6
5.(e4)Nxf6 (e7)xf6
6.(b5)Bc4 (f8)Bd6
7.(d1)Qe2 (d8)Qe7
8.(e2)Qxe7 (e8)Kxe7
9.(g1)Nf3 (c8)Bg4
10.O-O-O (g4)Bxf3
11.(f1)Re1 (e7)Kf8
12.(g2)xf3 (b8)Nd7
13.(d2)d4 (a8)Re8
14.(c1)Bd2 (d7)Nb6
15.(e1)Rxe8 (f8)Kxe8
16.(a1)Re1 (e8)Kf8
17.(c4)Bd3 (b6)Nd5
18.(d3)Bf5 (h7)h5
19.(h2)h4 (g7)g6
20.(f5)Bc8 (b7)b5
21.(c8)Bd7 (d5)Ne7
22.(d4)d5 (c6)xd5
23.(d7)Bxb5 (f8)Kg7
24.(b5)Bd7 (h8)Rd8
25.(d7)Bb5 (e7)Nf5
26.(b5)Bc6 (d6)Be5
27.(d2)Ba5 (d8)Rc8
28.(c6)Bxd5 (c8)Rc5
29.(d5)Be4 (c5)Rxa5
30.(e4)Bxf5 (g6)xf5
31.(f3)f4 (e5)Bxb2
32.(g1)Kh2 (a5)Rxa2
33.(e1)Rg1 (g7)Kh7
34.(g1)Rd1 (a7)a5
35.(d1)Rd5 (h7)Kg6
36.(d5)Rd8 (a5)a4
37.(d8)Rg8 (g6)Kh7
38.(g8)Rc8 (a4)a3
39.(c8)Rc4 (b2)Bc1
40.(h2)Kg3 (a2)Rxc2
41.(c4)Rxc2 (c1)Bb2
42.(c2)Rc7 (a3)a2
43.(c7)Rxf7 (h7)Kg6
44.(f7)Ra7 (a2)a1=Q
45.(a7)Rxa1 (b2)Bxa1
46.(g3)Kg2 (g6)Kf7
47.(g2)Kg1 (f7)Ke6
48.(g1)Kf1 (a1)Bd4
49.(f1)Kg1 (e6)Kd5
50.(g1)Kg2 (d4)Bxf2
51.(g2)Kxf2 (d5)Ke4
52.(f2)Kg3 (e4)Ke3
53.(g3)Kg2 (e3)Kxf4
54.(g2)Kf2
~End of Log~


Ultimate
Timestamp: 2023-05-08 | 09:54:22.147673500
-----------------------

1.(e2)e4 (e7)e5
2.(g1)Nf3 (b8)Nc6
3.(f1)Bc4 (f8)Bc5
4.(e1)Ke2 (g8)Nf6
5.(b1)Nc3 (f6)Ng4
6.(h1)Rf1 O-O
7.(d2)d3 (c6)Nd4
8.(e2)Kd2 (d4)Nxf3
9.(d1)Qxf3 (g4)Nxh2
10.(f3)Qe2 (h2)Nxf1
11.(e2)Qxf1 (d7)d6
12.(c3)Nd5 (c7)c6
13.(d5)Ne3 (d8)Qa5
14.(c2)c3 (c5)Bxe3
15.(d2)Kxe3 (c8)Bg4
16.(f2)f3 (g4)Be6
17.(g2)g4 (d6)d5
18.(c4)Bb3 (d5)d4
19.(c3)xd4 (e5)xd4
20.(e3)Ke2 (e6)Bxb3
21.(f1)Qh3 (b3)Be6
22.(b2)b3 (a5)Qc3
23.(c1)Bh6 (c3)Qxa1
24.(h3)Qh4 (g7)xh6
25.(h4)Qxh6 (a1)Qxa2
26.(e2)Kf1 (a2)Qb1
27.(f1)Kg2 (b1)Qc2
28.(g2)Kg3 (c2)Qxd3
29.(h6)Qg5 (g8)Kh8
30.(g5)Qf6 (h8)Kg8
31.(f6)Qg5 (g8)Kh8
32.(g5)Qf6 (h8)Kg8
33.(f6)Qg5
~End of Log~


Ultimate
Timestamp: 2023-05-09 | 12:34:57.809719400
-----------------------

1.(e2)e4 (g8)Nf6
2.(g1)Nf3 (f6)Nxe4
3.(f3)Ng5 (e4)Nxg5

~End of Log~


Ultimate
Timestamp: 2023-05-09 | 12:44:02.664006600
-----------------------

1.(b1)Nc3 (c7)c5
2.(d2)d4 (c5)xd4
3.(d1)Qxd4 (d8)Qb6
4.(g1)Nf3
~End of Log~


Ultimate
Timestamp: 2023-05-09 | 12:45:06.713646600
-----------------------

1.(b1)Nc3 (d7)d5
2.(e2)e4
~End of Log~


Ultimate
Timestamp: 2023-05-09 | 12:46:14.671550800
-----------------------

1.(b1)Nc3 (c7)c5
2.(e2)e4
~End of Log~


Ultimate
Timestamp: 2023-05-09 | 13:03:57.037142200
-----------------------

1.(e2)e4 (g8)Nf6
2.(e4)e5 (f6)Nd5
3.(f1)Bc4 (e7)e6
4.(c4)Bxd5 (e6)xd5
5.(d2)d4 (b8)Nc6
6.(g1)Nf3 (f8)Bb4
7.(c2)c3 (b4)Be7
8.O-O-O (d7)d6
9.(e5)xd6 (d8)Qxd6
10.(h2)h3 O-O-O
11.(c1)Bg5 (f7)f6
12.(g5)Bh4 (c8)Bf5
13.(h4)Bg3 (d6)Qd7
14.(f3)Nh4 (a8)Rc8
15.(h4)Nxf5 (d7)Qxf5
16.(b1)Nd2 (f5)Qd3
17.(d2)Nf3 (d3)Qc4
18.(f3)Nh4 (f6)f5
19.(h4)Nf3 (f5)f4
20.(g3)Bh4 (e7)Bxh4
21.(f3)Nxh4 (c8)Re8
22.(d1)Qg4 (e8)Re2
23.(h4)Nf5 (g7)g6
24.(b2)b3 (c4)Qd3
25.(f5)Nh4 (f4)f3
26.(h4)Nxf3 (d3)Qxc3
27.(a1)Rc1 (c3)Qa5
28.(f3)Ne5 (a5)Qxa2
29.(g4)Qe6 (g8)Kg7
30.(e6)Qd7 (g7)Kh6
31.(e5)Nxc6 (b7)xc6
32.(d7)Qxc6 (e2)Rxf2
33.(f1)Rxf2 (a2)Qxf2
34.(g1)Kh1 (f2)Qxd4
35.(c6)Qxc7 (f8)Rf2
36.(c7)Qg3 (d4)Qf4

~End of Log~


Ultimate
Timestamp: 2023-05-09 | 13:15:52.828612400
-----------------------

1.(b1)Nc3 (d7)d5
2.(e2)e4 (d5)d4
3.(f1)Bb5 (c7)c6
4.(b5)Bc4 (e7)e5
5.(d1)Qh5 (g7)g6
6.(h5)Qxe5 (f8)Be7
7.(e5)Qxh8 (e7)Bf6
8.(h8)Qxg8 (e8)Ke7
9.(g8)Qxf7 (e7)Kd6
10.(c3)Ne2 (c6)c5
11.(f7)Qxh7 (d8)Qe8
12.(c4)Bd5 (c8)Be6
13.(d5)Bxb7 (b8)Nc6
14.(b7)Bxa8 (e8)Qxa8
15.(h7)Qxg6 (c6)Ne5
16.(g6)Qxf6 (a8)Qxe4
17.(f6)Qd8 (e5)Nd7
18.(g1)Nf3 (e6)Bg4
19.(d2)d3 (e4)Qe6
20.(c1)Bf4 (d6)Kc6
21.(d8)Qc7 (c6)Kb5
22.(c7)Qb7 (b5)Ka5
23.(b2)b4 (c5)xb4
24.(f3)Nxd4 (e6)Qa6
25.(d4)Nb3
~End of Log~


Ultimate
Timestamp: 2023-05-09 | 13:22:11.326437700
-----------------------

1.(d2)d4 (d7)d5
2.(g1)Nf3 (g8)Nf6

~End of Log~


Ultimate
Timestamp: 2023-05-15 | 13:53:15.425099100
-----------------------

1.(e2)e4 (g8)Nf6
2.(f1)Bb5 (f6)Nxe4
3.(d2)d3 (e4)Nd6
4.(c1)Bg5 (d6)Nxb5
5.(d1)Qg4 (d7)d5
6.(g1)Nf3 (c8)Bxg4
7.(h1)Rf1 (g4)Bxf3
8.(g2)xf3 (b5)Nd4
9.(h2)h3 (d4)Nxf3
10.(e1)Ke2 (f3)Nxg5
11.(e2)Ke3 (d8)Qd6
12.(d3)d4 (d6)Qe6
13.(e3)Kf4 (e6)Qe4
14.(f4)Kg3 (e4)Qxc2
15.(b1)Nc3 (c2)Qd3
16.(g3)Kg4 (h7)h6
17.(h3)h4 (d3)Qf3

~End of Log~


Ultimate
Timestamp: 2023-05-15 | 13:54:35.112677100
-----------------------

1.(e2)e4 (g8)Nf6
2.(f1)Bd3 (e7)e5
3.(g1)Nf3 (b8)Nc6
4.O-O
~End of Log~


Ultimate
Timestamp: 2023-05-15 | 13:55:41.204684400
-----------------------

1.(e2)e4 (f7)f6
2.(f1)Bc4 (b8)Na6
3.(g1)Nf3 (e7)e5
4.O-O (h7)h5
5.(d2)d4 (c7)c6
6.(d4)xe5 (g7)g5
7.(e5)xf6 (h8)Rh6
8.(f6)f7 (e8)Ke7
9.(f7)xg8=Q (d8)Qb6

~End of Log~


Ultimate
Timestamp: 2023-05-15 | 14:25:21.618825500
-----------------------

1.(e2)e4 (g8)Nf6
2.(b1)Nc3 (d7)d5
3.(d2)d3 (e7)e5
4.(g1)Nf3 (b8)Nc6
5.(c3)Nxd5 (f6)Nxd5
6.(e4)xd5 (d8)Qxd5
7.(d1)Qe2 (f8)Bb4
8.(c2)c3 (b4)Bc5
9.(g2)g3 (c8)Bg4
10.(f1)Bg2 O-O
11.(h2)h3 (g4)Bxf3
12.(g2)Bxf3 (d5)Qd6
13.O-O (e5)e4
14.(e2)Qxe4 (d6)Qxg3
15.(f3)Bg2 (a8)Re8
16.(e4)Qf3 (g3)Qxf3
17.(g2)Bxf3 (c6)Ne5
18.(f3)Be4 (f7)f5
19.(e4)Bxb7 (e5)Nxd3
20.(f1)Rd1 (d3)Nxf2
21.(d1)Rd5 (f2)Nd3
22.(g1)Kh2 (e8)Re2
23.(h2)Kg3 (c5)Bd6
24.(g3)Kf3 (d3)Nxc1
25.(a1)Rxc1 (e2)Rxb2
26.(b7)Bc6 (b2)Rxa2
27.(c1)Rd1 (a2)Rh2
28.(c6)Bb5 (h2)Rxh3
29.(f3)Kg2 (h3)Rg3
30.(g2)Kf2 (g3)Rxc3
31.(f2)Kf1 (f5)f4
32.(d5)Rxd6 (c7)xd6
33.(d1)Rxd6 (f4)f3
34.(b5)Bc4 (c3)Rxc4
35.(d6)Rd4 (c4)Rxd4
36.(f1)Kf2 (d4)Rd1
37.(f2)Ke3 (f3)f2
38.(e3)Ke4 (f2)f1=Q
39.(e4)Ke5 (f1)Qe1

~End of Log~


Ultimate
Timestamp: 2023-06-22 | 15:28:20.887369200
-----------------------

1.(b1)Nc3 (d7)d5
2.(e2)e4 (d5)xe4
3.(c3)Nxe4 (e7)e5
4.(f1)Bb5 (c7)c6
5.(b5)Bd3 (g8)Nf6
6.(e1)Kf1 (f6)Nxe4
7.(d3)Bxe4 (f8)Bc5
8.(d2)d3 (g7)g6
9.(g1)Nf3 (f7)f5
10.(c1)Bg5 (f5)xe4
11.(g5)Bxd8 (e8)Kxd8
12.(d3)xe4 (c8)Bd7
13.(f3)Nxe5 (c5)Bd6
14.(d1)Qxd6 (h8)Re8
15.(a1)Rd1
~End of Log~